<?xml version="1.0" encoding="UTF-8"?>
<testng-results skipped="0" failed="0" ignored="0" total="1" passed="1">
  <reporter-output>
  </reporter-output>
  <suite name="Default suite" duration-ms="96046" started-at="2020-12-13T20:41:49 IST" finished-at="2020-12-13T20:43:25 IST">
    <groups>
    </groups>
    <test name="Default test" duration-ms="96046" started-at="2020-12-13T20:41:49 IST" finished-at="2020-12-13T20:43:25 IST">
      <class name="com.lambdaCert.project.Solution">
        <test-method status="PASS" signature="setUp()[pri:0, instance:com.lambdaCert.project.Solution@11438d26]" name="setUp" is-config="true" duration-ms="10485" started-at="2020-12-13T20:41:49 IST" finished-at="2020-12-13T20:42:00 IST">
          <reporter-output>
          </reporter-output>
        </test-method> <!-- setUp -->
        <test-method status="PASS" signature="TC_01()[pri:0, instance:com.lambdaCert.project.Solution@11438d26]" name="TC_01" duration-ms="83452" started-at="2020-12-13T20:42:00 IST" finished-at="2020-12-13T20:43:23 IST">
          <reporter-output>
          </reporter-output>
        </test-method> <!-- TC_01 -->
        <test-method status="PASS" signature="tearDown()[pri:0, instance:com.lambdaCert.project.Solution@11438d26]" name="tearDown" is-config="true" duration-ms="2046" started-at="2020-12-13T20:43:23 IST" finished-at="2020-12-13T20:43:25 IST">
          <reporter-output>
          </reporter-output>
        </test-method> <!-- tearDown -->
      </class> <!-- com.lambdaCert.project.Solution -->
    </test> <!-- Default test -->
  </suite> <!-- Default suite -->
</testng-results>
